<?xml version="1.0" encoding="UTF-8"?>
<testsuite xmlns:xsi="http://www.w3.org/2001/XMLSchema-instance" xsi:noNamespaceSchemaLocation="https://maven.apache.org/surefire/maven-surefire-plugin/xsd/surefire-test-report-3.0.xsd" version="3.0" name="com.systemmonitor.scheduler.StatsSchedulerTest" time="0.74" tests="1" errors="0" skipped="0" failures="0">
  <properties>
[...]
</properties>
  <testcase name="pushStats_sendsStatsToTopic" classname="com.systemmonitor.scheduler.StatsSchedulerTest" time="0.734">
    <system-out><![CDATA[2026-02-24T20:27:10.439+05:30  INFO 17572 --- [system-monitor-backend] [MessageBroker-2] c.s.service.LibreHardwareMonitorService  : LibreHardwareMonitor temps: CPU=87.3 °C, GPU=57.6 °C
]]></system-out>
  </testcase>
</testsuite>